Flow report for eindopdracht
Tue Jan 17 09:42:54 2023
Quartus Prime Version 18.1.0 Build 625 09/12/2018 SJ Lite Edition


---------------------
; Table of Contents ;
---------------------
  1. Legal Notice
  2. Flow Summary
  3. Flow Settings
  4. Flow Non-Default Global Settings
  5. Flow Elapsed Time
  6. Flow OS Summary
  7. Flow Log
  8. Flow Messages
  9. Flow Suppressed Messages



----------------
; Legal Notice ;
----------------
Copyright (C) 2018  Intel Corporation. All rights reserved.
Your use of Intel Corporation's design tools, logic functions 
and other software and tools, and its AMPP partner logic 
functions, and any output files from any of the foregoing 
(including device programming or simulation files), and any 
associated documentation or information are expressly subject 
to the terms and conditions of the Intel Program License 
Subscription Agreement, the Intel Quartus Prime License Agreement,
the Intel FPGA IP License Agreement, or other applicable license
agreement, including, without limitation, that your use is for
the sole purpose of programming logic devices manufactured by
Intel and sold by Intel or its authorized distributors.  Please
refer to the applicable agreement for further details.



+-------------------------------------------------------------------------------+
; Flow Summary                                                                  ;
+---------------------------------+---------------------------------------------+
; Flow Status                     ; Successful - Tue Jan 17 09:42:05 2023       ;
; Quartus Prime Version           ; 18.1.0 Build 625 09/12/2018 SJ Lite Edition ;
; Revision Name                   ; eindopdracht                                ;
; Top-level Entity Name           ; VGA_image_viewer_tl                         ;
; Family                          ; Cyclone V                                   ;
; Device                          ; 5CSEMA5F31C6                                ;
; Timing Models                   ; Final                                       ;
; Logic utilization (in ALMs)     ; 13,782 / 32,070 ( 43 % )                    ;
; Total registers                 ; 1037                                        ;
; Total pins                      ; 215 / 457 ( 47 % )                          ;
; Total virtual pins              ; 0                                           ;
; Total block memory bits         ; 0 / 4,065,280 ( 0 % )                       ;
; Total DSP Blocks                ; 0 / 87 ( 0 % )                              ;
; Total HSSI RX PCSs              ; 0                                           ;
; Total HSSI PMA RX Deserializers ; 0                                           ;
; Total HSSI TX PCSs              ; 0                                           ;
; Total HSSI PMA TX Serializers   ; 0                                           ;
; Total PLLs                      ; 0 / 6 ( 0 % )                               ;
; Total DLLs                      ; 1 / 4 ( 25 % )                              ;
+---------------------------------+---------------------------------------------+


+-----------------------------------------+
; Flow Settings                           ;
+-------------------+---------------------+
; Option            ; Setting             ;
+-------------------+---------------------+
; Start date & time ; 01/17/2023 09:34:09 ;
; Main task         ; Compilation         ;
; Revision Name     ; eindopdracht        ;
+-------------------+---------------------+


+--------------------------------------------------------------------------------------------------------------------------------------------------------------------------------------------+
; Flow Non-Default Global Settings                                                                                                                                                           ;
+---------------------------------------+--------------------------------------------------------------------------------+---------------+--------------------------------------+------------+
; Assignment Name                       ; Value                                                                          ; Default Value ; Entity Name                          ; Section Id ;
+---------------------------------------+--------------------------------------------------------------------------------+---------------+--------------------------------------+------------+
; COMPILER_SIGNATURE_ID                 ; 128028629797681.167394444729120                                                ; --            ; --                                   ; --         ;
; ECO_REGENERATE_REPORT                 ; On                                                                             ; Off           ; --                                   ; --         ;
; HPS_ISW_FILE                          ; VGA_image_viewer/synthesis/submodules/sequencer/emif.pre.xml                   ; --            ; VGA_image_viewer_hps_0_hps_io_border ; --         ;
; HPS_ISW_FILE                          ; VGA_image_viewer/synthesis/submodules/sequencer/sequencer_defines.pre.h        ; --            ; VGA_image_viewer_hps_0_hps_io_border ; --         ;
; HPS_ISW_FILE                          ; VGA_image_viewer/synthesis/submodules/sequencer/alt_types.pre.h                ; --            ; VGA_image_viewer_hps_0_hps_io_border ; --         ;
; HPS_ISW_FILE                          ; VGA_image_viewer/synthesis/submodules/sequencer/tclrpt.pre.c                   ; --            ; VGA_image_viewer_hps_0_hps_io_border ; --         ;
; HPS_ISW_FILE                          ; VGA_image_viewer/synthesis/submodules/sequencer/sequencer.pre.h                ; --            ; VGA_image_viewer_hps_0_hps_io_border ; --         ;
; HPS_ISW_FILE                          ; VGA_image_viewer/synthesis/submodules/sequencer/tclrpt.pre.h                   ; --            ; VGA_image_viewer_hps_0_hps_io_border ; --         ;
; HPS_ISW_FILE                          ; VGA_image_viewer/synthesis/submodules/sequencer/system.pre.h                   ; --            ; VGA_image_viewer_hps_0_hps_io_border ; --         ;
; HPS_ISW_FILE                          ; VGA_image_viewer/synthesis/submodules/sequencer/sequencer_auto_ac_init.pre.c   ; --            ; VGA_image_viewer_hps_0_hps_io_border ; --         ;
; HPS_ISW_FILE                          ; VGA_image_viewer/synthesis/submodules/sequencer/sequencer_auto.pre.h           ; --            ; VGA_image_viewer_hps_0_hps_io_border ; --         ;
; HPS_ISW_FILE                          ; VGA_image_viewer/synthesis/submodules/sequencer/sdram_io.pre.h                 ; --            ; VGA_image_viewer_hps_0_hps_io_border ; --         ;
; HPS_ISW_FILE                          ; VGA_image_viewer/synthesis/submodules/sequencer/sequencer.pre.c                ; --            ; VGA_image_viewer_hps_0_hps_io_border ; --         ;
; HPS_ISW_FILE                          ; VGA_image_viewer/synthesis/submodules/sequencer/sequencer_auto_inst_init.pre.c ; --            ; VGA_image_viewer_hps_0_hps_io_border ; --         ;
; HPS_ISW_FILE                          ; VGA_image_viewer/synthesis/submodules/hps.pre.xml                              ; --            ; VGA_image_viewer_hps_0_hps_io_border ; --         ;
; HPS_PARTITION                         ; On                                                                             ; --            ; VGA_image_viewer_hps_0_hps_io_border ; --         ;
; MAX_CORE_JUNCTION_TEMP                ; 85                                                                             ; --            ; --                                   ; --         ;
; MIN_CORE_JUNCTION_TEMP                ; 0                                                                              ; --            ; --                                   ; --         ;
; MISC_FILE                             ; VGA_image_viewer/synthesis/../VGA_image_viewer.cmp                             ; --            ; --                                   ; --         ;
; MISC_FILE                             ; VGA_image_viewer/synthesis/VGA_image_viewer_hps_0_hps.svd                      ; --            ; --                                   ; --         ;
; MISC_FILE                             ; VGA_image_viewer/synthesis/../../VGA_image_viewer.qsys                         ; --            ; --                                   ; --         ;
; MISC_FILE                             ; VGA_image_viewer/synthesis/submodules/sequencer/emif.pre.xml                   ; --            ; --                                   ; --         ;
; MISC_FILE                             ; VGA_image_viewer/synthesis/submodules/sequencer/sequencer_defines.pre.h        ; --            ; --                                   ; --         ;
; MISC_FILE                             ; VGA_image_viewer/synthesis/submodules/sequencer/alt_types.pre.h                ; --            ; --                                   ; --         ;
; MISC_FILE                             ; VGA_image_viewer/synthesis/submodules/sequencer/tclrpt.pre.c                   ; --            ; --                                   ; --         ;
; MISC_FILE                             ; VGA_image_viewer/synthesis/submodules/sequencer/sequencer.pre.h                ; --            ; --                                   ; --         ;
; MISC_FILE                             ; VGA_image_viewer/synthesis/submodules/sequencer/tclrpt.pre.h                   ; --            ; --                                   ; --         ;
; MISC_FILE                             ; VGA_image_viewer/synthesis/submodules/sequencer/system.pre.h                   ; --            ; --                                   ; --         ;
; MISC_FILE                             ; VGA_image_viewer/synthesis/submodules/sequencer/sequencer_auto_ac_init.pre.c   ; --            ; --                                   ; --         ;
; MISC_FILE                             ; VGA_image_viewer/synthesis/submodules/sequencer/sequencer_auto.pre.h           ; --            ; --                                   ; --         ;
; MISC_FILE                             ; VGA_image_viewer/synthesis/submodules/sequencer/sdram_io.pre.h                 ; --            ; --                                   ; --         ;
; MISC_FILE                             ; VGA_image_viewer/synthesis/submodules/sequencer/sequencer.pre.c                ; --            ; --                                   ; --         ;
; MISC_FILE                             ; VGA_image_viewer/synthesis/submodules/sequencer/sequencer_auto_inst_init.pre.c ; --            ; --                                   ; --         ;
; MISC_FILE                             ; VGA_image_viewer/synthesis/submodules/hps.pre.xml                              ; --            ; --                                   ; --         ;
; OUTPUT_IO_TIMING_FAR_END_VMEAS        ; Half Signal Swing                                                              ; --            ; --                                   ; --         ;
; OUTPUT_IO_TIMING_FAR_END_VMEAS        ; Half Signal Swing                                                              ; --            ; --                                   ; --         ;
; OUTPUT_IO_TIMING_NEAR_END_VMEAS       ; Half Vccio                                                                     ; --            ; --                                   ; --         ;
; OUTPUT_IO_TIMING_NEAR_END_VMEAS       ; Half Vccio                                                                     ; --            ; --                                   ; --         ;
; PARTITION_COLOR                       ; -- (Not supported for targeted family)                                         ; --            ; DE1_SoC_Default                      ; Top        ;
; PARTITION_COLOR                       ; -- (Not supported for targeted family)                                         ; --            ; VGA_image_viewer_tl                  ; Top        ;
; PARTITION_FITTER_PRESERVATION_LEVEL   ; -- (Not supported for targeted family)                                         ; --            ; DE1_SoC_Default                      ; Top        ;
; PARTITION_FITTER_PRESERVATION_LEVEL   ; -- (Not supported for targeted family)                                         ; --            ; VGA_image_viewer_tl                  ; Top        ;
; PARTITION_NETLIST_TYPE                ; -- (Not supported for targeted family)                                         ; --            ; DE1_SoC_Default                      ; Top        ;
; PARTITION_NETLIST_TYPE                ; -- (Not supported for targeted family)                                         ; --            ; VGA_image_viewer_tl                  ; Top        ;
; POWER_BOARD_THERMAL_MODEL             ; None (CONSERVATIVE)                                                            ; --            ; --                                   ; --         ;
; POWER_PRESET_COOLING_SOLUTION         ; 23 MM HEAT SINK WITH 200 LFPM AIRFLOW                                          ; --            ; --                                   ; --         ;
; PROJECT_OUTPUT_DIRECTORY              ; output_files                                                                   ; --            ; --                                   ; --         ;
; SLD_FILE                              ; VGA_image_viewer/synthesis/VGA_image_viewer.regmap                             ; --            ; --                                   ; --         ;
; SLD_FILE                              ; VGA_image_viewer/synthesis/VGA_image_viewer.debuginfo                          ; --            ; --                                   ; --         ;
; SLD_INFO                              ; QSYS_NAME VGA_image_viewer HAS_SOPCINFO 1 GENERATION_ID 1671617186             ; --            ; VGA_image_viewer                     ; --         ;
; SOPCINFO_FILE                         ; VGA_image_viewer/synthesis/../../VGA_image_viewer.sopcinfo                     ; --            ; --                                   ; --         ;
; SYNTHESIS_ONLY_QIP                    ; On                                                                             ; --            ; --                                   ; --         ;
; TOP_LEVEL_ENTITY                      ; VGA_image_viewer_tl                                                            ; eindopdracht  ; --                                   ; --         ;
; USE_DLL_FREQUENCY_FOR_DQS_DELAY_CHAIN ; On                                                                             ; Off           ; --                                   ; --         ;
+---------------------------------------+--------------------------------------------------------------------------------+---------------+--------------------------------------+------------+


+--------------------------------------------------------------------------------------------------------------------------+
; Flow Elapsed Time                                                                                                        ;
+----------------------+--------------+-------------------------+---------------------+------------------------------------+
; Module Name          ; Elapsed Time ; Average Processors Used ; Peak Virtual Memory ; Total CPU Time (on all processors) ;
+----------------------+--------------+-------------------------+---------------------+------------------------------------+
; Analysis & Synthesis ; 00:01:08     ; 2.3                     ; 1378 MB             ; 00:02:40                           ;
; Fitter               ; 00:03:22     ; 1.4                     ; 3580 MB             ; 00:09:30                           ;
; Assembler            ; 00:00:15     ; 1.0                     ; 1108 MB             ; 00:00:15                           ;
; Timing Analyzer      ; 00:00:48     ; 2.3                     ; 1876 MB             ; 00:01:41                           ;
; Total                ; 00:05:33     ; --                      ; --                  ; 00:14:06                           ;
+----------------------+--------------+-------------------------+---------------------+------------------------------------+


+-----------------------------------------------------------------------------------------------+
; Flow OS Summary                                                                               ;
+----------------------+-------------------------+----------------+------------+----------------+
; Module Name          ; Machine Hostname        ; OS Name        ; OS Version ; Processor type ;
+----------------------+-------------------------+----------------+------------+----------------+
; Analysis & Synthesis ; HP-ZBook-Studio-x360-G5 ; Ubuntu 22.04.1 ; 22         ; x86_64         ;
; Fitter               ; HP-ZBook-Studio-x360-G5 ; Ubuntu 22.04.1 ; 22         ; x86_64         ;
; Assembler            ; HP-ZBook-Studio-x360-G5 ; Ubuntu 22.04.1 ; 22         ; x86_64         ;
; Timing Analyzer      ; HP-ZBook-Studio-x360-G5 ; Ubuntu 22.04.1 ; 22         ; x86_64         ;
+----------------------+-------------------------+----------------+------------+----------------+


------------
; Flow Log ;
------------
quartus_map --read_settings_files=on --write_settings_files=off eindopdracht -c eindopdracht
quartus_fit --read_settings_files=off --write_settings_files=off eindopdracht -c eindopdracht
quartus_asm --read_settings_files=off --write_settings_files=off eindopdracht -c eindopdracht
quartus_sta eindopdracht -c eindopdracht



